2020-06-15 11:52:36.530  INFO 4988 --- [main] c.j.r.RestserviceApplicationTests        : Starting RestserviceApplicationTests on 19008491Joe with PID 4988 (started by Systex in D:\SpringLearn\RestService)
2020-06-15 11:52:36.558 DEBUG 4988 --- [main] c.j.r.RestserviceApplicationTests        : Running with Spring Boot v2.3.0.RELEASE, Spring v5.2.6.RELEASE
2020-06-15 11:52:36.559  INFO 4988 --- [main] c.j.r.RestserviceApplicationTests        : No active profile set, falling back to default profiles: default
2020-06-15 11:52:39.283  INFO 4988 --- [main] .s.d.r.c.RepositoryConfigurationDelegate : Multiple Spring Data modules found, entering strict repository configuration mode!
2020-06-15 11:52:39.285  INFO 4988 --- [main] .s.d.r.c.RepositoryConfigurationDelegate : Bootstrapping Spring Data JDBC repositories in DEFAULT mode.
2020-06-15 11:52:39.405  INFO 4988 --- [main] .RepositoryConfigurationExtensionSupport : Spring Data JDBC - Could not safely identify store assignment for repository candidate interface com.joe.restservice.domain.BookRepository. If you want this repository to be a JDBC repository, consider annotating your entities with one of these annotations: org.springframework.data.relational.core.mapping.Table.
2020-06-15 11:52:39.406  INFO 4988 --- [main] .s.d.r.c.RepositoryConfigurationDelegate : Finished Spring Data repository scanning in 88ms. Found 0 JDBC repository interfaces.
2020-06-15 11:52:39.445  INFO 4988 --- [main] .s.d.r.c.RepositoryConfigurationDelegate : Multiple Spring Data modules found, entering strict repository configuration mode!
2020-06-15 11:52:39.468  INFO 4988 --- [main] .s.d.r.c.RepositoryConfigurationDelegate : Bootstrapping Spring Data JPA repositories in DEFERRED mode.
2020-06-15 11:52:39.564  INFO 4988 --- [main] .s.d.r.c.RepositoryConfigurationDelegate : Finished Spring Data repository scanning in 85ms. Found 1 JPA repository interfaces.
2020-06-15 11:52:41.348  INFO 4988 --- [main] o.s.s.concurrent.ThreadPoolTaskExecutor  : Initializing ExecutorService 'applicationTaskExecutor'
2020-06-15 11:52:41.931  INFO 4988 --- [task-1] o.hibernate.jpa.internal.util.LogHelper  : HHH000204: Processing PersistenceUnitInfo [name: default]
2020-06-15 11:52:42.698  INFO 4988 --- [task-1] org.hibernate.Version                    : HHH000412: Hibernate ORM core version 5.4.15.Final
2020-06-15 11:52:44.232  WARN 4988 --- [main] JpaBaseConfiguration$JpaWebConfiguration : spring.jpa.open-in-view is enabled by default. Therefore, database queries may be performed during view rendering. Explicitly configure spring.jpa.open-in-view to disable this warning
2020-06-15 11:52:44.701  INFO 4988 --- [task-1] o.hibernate.annotations.common.Version   : HCANN000001: Hibernate Commons Annotations {5.1.0.Final}
2020-06-15 11:52:47.161  INFO 4988 --- [task-1] com.zaxxer.hikari.HikariDataSource       : HikariPool-1 - Starting...
2020-06-15 11:52:47.193  WARN 4988 --- [task-1] com.zaxxer.hikari.util.DriverDataSource  : Registered driver with driverClassName=com.mysql.jdbc.Driver was not found, trying direct instantiation.
2020-06-15 11:52:47.920  INFO 4988 --- [task-1] com.zaxxer.hikari.HikariDataSource       : HikariPool-1 - Start completed.
2020-06-15 11:52:48.065  INFO 4988 --- [task-1] org.hibernate.dialect.Dialect            : HHH000400: Using dialect: org.hibernate.dialect.MySQL55Dialect
2020-06-15 11:52:49.827  INFO 4988 --- [task-1] o.h.e.t.j.p.i.JtaPlatformInitiator       : HHH000490: Using JtaPlatform implementation: [org.hibernate.engine.transaction.jta.platform.internal.NoJtaPlatform]
2020-06-15 11:52:49.852  INFO 4988 --- [task-1] j.LocalContainerEntityManagerFactoryBean : Initialized JPA EntityManagerFactory for persistence unit 'default'
2020-06-15 11:52:51.577  WARN 4988 --- [main] ion$DefaultTemplateResolverConfiguration : Cannot find template location: classpath:/templates/ (please add some templates or check your Thymeleaf configuration)
2020-06-15 11:52:52.184  INFO 4988 --- [main] DeferredRepositoryInitializationListener : Triggering deferred initialization of Spring Data repositories¡K
2020-06-15 11:52:52.322  INFO 4988 --- [main] DeferredRepositoryInitializationListener : Spring Data repositories initialized!
2020-06-15 11:52:52.352  INFO 4988 --- [main] c.j.r.RestserviceApplicationTests        : Started RestserviceApplicationTests in 17.113 seconds (JVM running for 20.623)
2020-06-15 11:52:53.240  INFO 4988 --- [SpringContextShutdownHook] j.LocalContainerEntityManagerFactoryBean : Closing JPA EntityManagerFactory for persistence unit 'default'
2020-06-15 11:52:53.244  INFO 4988 --- [SpringContextShutdownHook] o.s.s.concurrent.ThreadPoolTaskExecutor  : Shutting down ExecutorService 'applicationTaskExecutor'
2020-06-15 11:52:53.246  INFO 4988 --- [SpringContextShutdownHook] com.zaxxer.hikari.HikariDataSource       : HikariPool-1 - Shutdown initiated...
2020-06-15 11:52:53.357  INFO 4988 --- [SpringContextShutdownHook] com.zaxxer.hikari.HikariDataSource       : HikariPool-1 - Shutdown completed.
